<?xml version="1.0" encoding="UTF-8"?>
<!-- Generated by org.testng.reporters.JUnitXMLReporter -->
<testsuite hostname="M1525101" name="Default test" tests="1" failures="0" timestamp="21 Dec 2016 16:42:04 GMT" time="0.026" errors="0">
  <testcase name="@BeforeClass setup" time="0.0" classname="com.cerner.pctorion.platformTests.ORN_VR_PatientSearch">
    <failure type="org.testng.TestNGException" message="
Parameter &amp;apos;component&amp;apos; is required by @Configuration on method setup but has not been marked @Optional or defined
in /private/var/folders/hn/bwh1gyg54dn9b92npd5g6y_m2ngk05/T/testng-eclipse-1227872032/testng-customsuite.xml">
      <![CDATA[org.testng.TestNGException: 
Parameter 'component' is required by @Configuration on method setup but has not been marked @Optional or defined
in /private/var/folders/hn/bwh1gyg54dn9b92npd5g6y_m2ngk05/T/testng-eclipse-1227872032/testng-customsuite.xml
	at org.testng.internal.Parameters.createParameters(Parameters.java:156)
	at org.testng.internal.Parameters.createParameters(Parameters.java:363)
	at org.testng.internal.Parameters.createConfigurationParameters(Parameters.java:86)
	at org.testng.internal.Invoker.invokeConfigurations(Invoker.java:202)
	at org.testng.internal.Invoker.invokeConfigurations(Invoker.java:143)
	at org.testng.internal.TestMethodWorker.invokeBeforeClassMethods(TestMethodWorker.java:169)
	at org.testng.internal.TestMethodWorker.run(TestMethodWorker.java:108)
	at org.testng.TestRunner.privateRun(TestRunner.java:746)
	at org.testng.TestRunner.run(TestRunner.java:600)
	at org.testng.SuiteRunner.runTest(SuiteRunner.java:366)
	at org.testng.SuiteRunner.runSequentially(SuiteRunner.java:361)
	at org.testng.SuiteRunner.privateRun(SuiteRunner.java:319)
	at org.testng.SuiteRunner.run(SuiteRunner.java:268)
	at org.testng.SuiteRunnerWorker.runSuite(SuiteRunnerWorker.java:52)
	at org.testng.SuiteRunnerWorker.run(SuiteRunnerWorker.java:86)
	at org.testng.TestNG.runSuitesSequentially(TestNG.java:1264)
	at org.testng.TestNG.runSuitesLocally(TestNG.java:1189)
	at org.testng.TestNG.runSuites(TestNG.java:1104)
	at org.testng.TestNG.run(TestNG.java:1076)
	at org.testng.remote.AbstractRemoteTestNG.run(AbstractRemoteTestNG.java:126)
	at org.testng.remote.RemoteTestNG.initAndRun(RemoteTestNG.java:152)
	at org.testng.remote.RemoteTestNG.main(RemoteTestNG.java:57)
]]>
    </failure>
  </testcase> <!-- @BeforeClass setup -->
  <testcase name="@AfterClass tearDown" time="0.0" classname="com.cerner.pctorion.platformTests.ORN_VR_PatientSearch">
    <skipped/>
  </testcase> <!-- @AfterClass tearDown -->
  <testcase name="VRPatientSearch" time="0.004" classname="com.cerner.pctorion.platformTests.ORN_VR_PatientSearch">
    <skipped/>
  </testcase> <!-- VRPatientSearch -->
</testsuite> <!-- Default test -->
