<?xml version="1.0" encoding="UTF-8"?>
<!-- Generated by org.testng.reporters.JUnitXMLReporter -->
<testsuite hostname="M1525102" name="Default test" tests="1" failures="0" timestamp="3 Jan 2017 07:58:16 GMT" time="0.023" errors="0">
  <testcase name="@BeforeTest setup" time="0.0" classname="com.cerner.pctorion.chartTests.ORN_VR_VISITLIST">
    <failure type="org.testng.TestNGException" message="
Parameter &amp;apos;component&amp;apos; is required by @Configuration on method setup but has not been marked @Optional or defined
in /private/var/folders/dh/h4zwc0rd20xdqkll8qf48q7jp20lzj/T/testng-eclipse--298571945/testng-customsuite.xml">
      <![CDATA[org.testng.TestNGException: 
Parameter 'component' is required by @Configuration on method setup but has not been marked @Optional or defined
in /private/var/folders/dh/h4zwc0rd20xdqkll8qf48q7jp20lzj/T/testng-eclipse--298571945/testng-customsuite.xml
	at org.testng.internal.Parameters.createParameters(Parameters.java:156)
	at org.testng.internal.Parameters.createParameters(Parameters.java:363)
	at org.testng.internal.Parameters.createConfigurationParameters(Parameters.java:86)
	at org.testng.internal.Invoker.invokeConfigurations(Invoker.java:202)
	at org.testng.internal.Invoker.invokeConfigurations(Invoker.java:143)
	at org.testng.TestRunner.beforeRun(TestRunner.java:624)
	at org.testng.TestRunner.run(TestRunner.java:592)
	at org.testng.SuiteRunner.runTest(SuiteRunner.java:366)
	at org.testng.SuiteRunner.runSequentially(SuiteRunner.java:361)
	at org.testng.SuiteRunner.privateRun(SuiteRunner.java:319)
	at org.testng.SuiteRunner.run(SuiteRunner.java:268)
	at org.testng.SuiteRunnerWorker.runSuite(SuiteRunnerWorker.java:52)
	at org.testng.SuiteRunnerWorker.run(SuiteRunnerWorker.java:86)
	at org.testng.TestNG.runSuitesSequentially(TestNG.java:1264)
	at org.testng.TestNG.runSuitesLocally(TestNG.java:1189)
	at org.testng.TestNG.runSuites(TestNG.java:1104)
	at org.testng.TestNG.run(TestNG.java:1076)
	at org.testng.remote.AbstractRemoteTestNG.run(AbstractRemoteTestNG.java:126)
	at org.testng.remote.RemoteTestNG.initAndRun(RemoteTestNG.java:152)
	at org.testng.remote.RemoteTestNG.main(RemoteTestNG.java:57)
]]>
    </failure>
  </testcase> <!-- @BeforeTest setup -->
  <testcase name="@AfterTest tearDown" time="0.0" classname="com.cerner.pctorion.chartTests.ORN_VR_VISITLIST">
    <skipped/>
  </testcase> <!-- @AfterTest tearDown -->
  <testcase name="ornVrVisitList" time="0.004" classname="com.cerner.pctorion.chartTests.ORN_VR_VISITLIST">
    <skipped/>
  </testcase> <!-- ornVrVisitList -->
</testsuite> <!-- Default test -->
